<?xml version="1.0" encoding="UTF-8"?>
<!-- Generated by org.testng.reporters.JUnitReportReporter -->
<testsuite skipped="0" hostname="Jovana-PC" name="page.tests.ChangeItemsTestNG" tests="1" failures="0" timestamp="2019-12-26T20:29:46 CET" time="16.669" errors="0">
  <testcase name="f" time="16.669" classname="page.tests.ChangeItemsTestNG"/>
</testsuite> <!-- page.tests.ChangeItemsTestNG -->
