<?xml version="1.0" encoding="UTF-8"?>
<!-- Generated by org.testng.reporters.JUnitReportReporter -->
<testsuite skipped="0" hostname="Jovana-PC" name="page.tests.PetStoreManyTestNG" tests="1" failures="0" timestamp="2019-12-26T04:47:59 CET" time="59.685" errors="0">
  <testcase name="f" time="59.685" classname="page.tests.PetStoreManyTestNG"/>
</testsuite> <!-- page.tests.PetStoreManyTestNG -->
