<?xml version="1.0" encoding="UTF-8"?>
<!-- Generated by org.testng.reporters.JUnitReportReporter -->
<testsuite skipped="0" hostname="Jovana-PC" name="page.tests.HomePageTestNG" tests="1" failures="0" timestamp="2019-12-26T20:28:18 CET" time="7.007" errors="0">
  <testcase name="f" time="7.007" classname="page.tests.HomePageTestNG"/>
</testsuite> <!-- page.tests.HomePageTestNG -->
